[    0.000000] Initializing cgroup subsys cpuset
[    0.000000] Initializing cgroup subsys cpu
[    0.000000] Initializing cgroup subsys cpuacct
[    0.000000] Linux version 4.4.0-178-generic (buildd@lgw01-amd64-017) (gcc version 5.4.0 20160609 (Ubuntu 5.4.0-6ubuntu1~16.04.12) ) #208-Ubuntu SMP Sun Apr 5 23:45:10 UTC 2020 (Ubuntu 4.4.0-178.208-generic 4.4.217)
[    0.000000] Command line: BOOT_IMAGE=/boot/vmlinuz-4.4.0-178-generic root=LABEL=cloudimg-rootfs ro console=tty1 console=ttyS0
[    0.000000] KERNEL supported cpus:
[    0.000000]   Intel GenuineIntel
[    0.000000]   AMD AuthenticAMD
[    0.000000]   Centaur CentaurHauls
[    0.000000] x86/fpu: xstate_offset[2]:  576, xstate_sizes[2]:  256
[    0.000000] x86/fpu: Supporting XSAVE feature 0x01: 'x87 floating point registers'
[    0.000000] x86/fpu: Supporting XSAVE feature 0x02: 'SSE registers'
[    0.000000] x86/fpu: Supporting XSAVE feature 0x04: 'AVX registers'
[    0.000000] x86/fpu: Enabled xstate features 0x7, context size is 832 bytes, using 'standard' format.
[    0.000000] e820: BIOS-provided physical RAM map:
[    0.000000] BIOS-e820: [mem 0x0000000000000000-0x000000000009fbff] usable
[    0.000000] BIOS-e820: [mem 0x000000000009fc00-0x000000000009ffff] reserved
[    0.000000] BIOS-e820: [mem 0x00000000000f0000-0x00000000000fffff] reserved
[    0.000000] BIOS-e820: [mem 0x0000000000100000-0x000000001ffeffff] usable
[    0.000000] BIOS-e820: [mem 0x000000001fff0000-0x000000001fffffff] ACPI data
[    0.000000] BIOS-e820: [mem 0x00000000fec00000-0x00000000fec00fff] reserved
[    0.000000] BIOS-e820: [mem 0x00000000fee00000-0x00000000fee00fff] reserved
[    0.000000] BIOS-e820: [mem 0x00000000fffc0000-0x00000000ffffffff] reserved
[    0.000000] NX (Execute Disable) protection: active
[    0.000000] SMBIOS 2.5 present.
[    0.000000] Hypervisor detected: KVM
[    0.000000] e820: last_pfn = 0x1fff0 max_arch_pfn = 0x400000000
[    0.000000] MTRR: Disabled
[    0.000000] x86/PAT: MTRRs disabled, skipping PAT initialization too.
[    0.000000] CPU MTRRs all blank - virtualized system.
[    0.000000] x86/PAT: Configuration [0-7]: WB  WT  UC- UC  WB  WT  UC- UC  
[    0.000000] found SMP MP-table at [mem 0x0009fff0-0x0009ffff] mapped at [ffff88000009fff0]
[    0.000000] Scanning 1 areas for low memory corruption
[    0.000000] RAMDISK: [mem 0x1e8df000-0x1f766fff]
[    0.000000] ACPI: Early table checksum verification disabled
[    0.000000] ACPI: RSDP 0x00000000000E0000 000024 (v02 VBOX  )
[    0.000000] ACPI: XSDT 0x000000001FFF0030 00003C (v01 VBOX   VBOXXSDT 00000001 ASL  00000061)
[    0.000000] ACPI: FACP 0x000000001FFF00F0 0000F4 (v04 VBOX   VBOXFACP 00000001 ASL  00000061)
[    0.000000] ACPI: DSDT 0x000000001FFF0470 002325 (v02 VBOX   VBOXBIOS 00000002 INTL 20180105)
[    0.000000] ACPI: FACS 0x000000001FFF0200 000040
[    0.000000] ACPI: FACS 0x000000001FFF0200 000040
[    0.000000] ACPI: APIC 0x000000001FFF0240 00005C (v02 VBOX   VBOXAPIC 00000001 ASL  00000061)
[    0.000000] ACPI: SSDT 0x000000001FFF02A0 0001CC (v01 VBOX   VBOXCPUT 00000002 INTL 20180105)
[    0.000000] No NUMA configuration found
[    0.000000] Faking a node at [mem 0x0000000000000000-0x000000001ffeffff]
[    0.000000] NODE_DATA(0) allocated [mem 0x1ffeb000-0x1ffeffff]
[    0.000000] kvm-clock: Using msrs 4b564d01 and 4b564d00
[    0.000000] kvm-clock: cpu 0, msr 0:1ffe3001, primary cpu clock
[    0.000000] kvm-clock: using sched offset of 3635156047 cycles
[    0.000000] clocksource: kvm-clock: mask: 0xffffffffffffffff max_cycles: 0x1cd42e4dffb, max_idle_ns: 881590591483 ns
[    0.000000] Zone ranges:
[    0.000000]   DMA      [mem 0x0000000000001000-0x0000000000ffffff]
[    0.000000]   DMA32    [mem 0x0000000001000000-0x000000001ffeffff]
[    0.000000]   Normal   empty
[    0.000000]   Device   empty
[    0.000000] Movable zone start for each node
[    0.000000] Early memory node ranges
[    0.000000]   node   0: [mem 0x0000000000001000-0x000000000009efff]
[    0.000000]   node   0: [mem 0x0000000000100000-0x000000001ffeffff]
[    0.000000] Initmem setup node 0 [mem 0x0000000000001000-0x000000001ffeffff]
[    0.000000] ACPI: PM-Timer IO Port: 0x4008
[    0.000000] IOAPIC[0]: apic_id 2, version 32, address 0xfec00000, GSI 0-23
[    0.000000] ACPI: INT_SRC_OVR (bus 0 bus_irq 0 global_irq 2 dfl dfl)
[    0.000000] ACPI: INT_SRC_OVR (bus 0 bus_irq 9 global_irq 9 low level)
[    0.000000] Using ACPI (MADT) for SMP configuration information
[    0.000000] smpboot: Allowing 2 CPUs, 0 hotplug CPUs
[    0.000000] PM: Registered nosave memory: [mem 0x00000000-0x00000fff]
[    0.000000] PM: Registered nosave memory: [mem 0x0009f000-0x0009ffff]
[    0.000000] PM: Registered nosave memory: [mem 0x000a0000-0x000effff]
[    0.000000] PM: Registered nosave memory: [mem 0x000f0000-0x000fffff]
[    0.000000] e820: [mem 0x20000000-0xfebfffff] available for PCI devices
[    0.000000] Booting paravirtualized kernel on KVM
[    0.000000] clocksource: refined-jiffies: mask: 0xffffffff max_cycles: 0xffffffff, max_idle_ns: 7645519600211568 ns
[    0.000000] setup_percpu: NR_CPUS:512 nr_cpumask_bits:512 nr_cpu_ids:2 nr_node_ids:1
[    0.000000] PERCPU: Embedded 33 pages/cpu @ffff88001fc00000 s95448 r8192 d31528 u1048576
[    0.000000] Built 1 zonelists in Node order, mobility grouping on.  Total pages: 128888
[    0.000000] Policy zone: DMA32
[    0.000000] Kernel command line: BOOT_IMAGE=/boot/vmlinuz-4.4.0-178-generic root=LABEL=cloudimg-rootfs ro console=tty1 console=ttyS0
[    0.000000] PID hash table entries: 2048 (order: 2, 16384 bytes)
[    0.000000] Memory: 481592K/523832K available (8626K kernel code, 1336K rwdata, 4036K rodata, 1488K init, 1292K bss, 42240K reserved, 0K cma-reserved)
[    0.000000] SLUB: HWalign=64, Order=0-3, MinObjects=0, CPUs=2, Nodes=1
[    0.000000] Kernel/User page tables isolation: enabled
[    0.000000] Hierarchical RCU implementation.
[    0.000000] 	Build-time adjustment of leaf fanout to 64.
[    0.000000] 	RCU restricting CPUs from NR_CPUS=512 to nr_cpu_ids=2.
[    0.000000] RCU: Adjusting geometry for rcu_fanout_leaf=64, nr_cpu_ids=2
[    0.000000] NR_IRQS:33024 nr_irqs:440 16
[    0.000000] Console: colour VGA+ 80x25
[    0.000000] console [tty1] enabled
[    0.000000] console [ttyS0] enabled
[    0.000000] tsc: Detected 2691.250 MHz processor
[    0.180436] Calibrating delay loop (skipped) preset value.. 5382.50 BogoMIPS (lpj=10765000)
[    0.182541] pid_max: default: 32768 minimum: 301
[    0.183744] ACPI: Core revision 20150930
[    0.185924] ACPI: 2 ACPI AML tables successfully acquired and loaded
[    0.187605] Security Framework initialized
[    0.188646] Yama: becoming mindful.
[    0.189632] AppArmor: AppArmor initialized
[    0.190747] Dentry cache hash table entries: 65536 (order: 7, 524288 bytes)
[    0.192508] Inode-cache hash table entries: 32768 (order: 6, 262144 bytes)
[    0.194113] Mount-cache hash table entries: 1024 (order: 1, 8192 bytes)
[    0.195609] Mountpoint-cache hash table entries: 1024 (order: 1, 8192 bytes)
[    0.197634] Initializing cgroup subsys io
[    0.198676] Initializing cgroup subsys memory
[    0.199795] Initializing cgroup subsys devices
[    0.200950] Initializing cgroup subsys freezer
[    0.202042] Initializing cgroup subsys net_cls
[    0.203146] Initializing cgroup subsys perf_event
[    0.204401] Initializing cgroup subsys net_prio
[    0.205525] Initializing cgroup subsys hugetlb
[    0.206635] Initializing cgroup subsys pids
[    0.208140] mce: CPU supports 0 MCE banks
[    0.209203] Last level iTLB entries: 4KB 512, 2MB 8, 4MB 8
[    0.210486] Last level dTLB entries: 4KB 512, 2MB 32, 4MB 32, 1GB 0
[    0.212055] Spectre V1 : Mitigation: usercopy/swapgs barriers and __user pointer sanitization
[    0.214119] Spectre V2 : Mitigation: Full generic retpoline
[    0.215457] Spectre V2 : Spectre v2 / SpectreRSB mitigation: Filling RSB on context switch
[    0.217522] Speculative Store Bypass: Vulnerable
[    0.218763] MDS: Mitigation: Clear CPU buffers
[    0.223807] Freeing SMP alternatives memory: 36K
[    0.232751] ftrace: allocating 32308 entries in 127 pages
[    0.305609] smpboot: APIC(0) Converting physical 0 to logical package 0
[    0.307182] smpboot: Max logical packages: 1
[    0.308662] x2apic enabled
[    0.309786] Switched APIC routing to physical x2apic.
[    0.312502] ..TIMER: vector=0x30 apic1=0 pin1=2 apic2=-1 pin2=-1
[    0.422071] smpboot: CPU0: Intel(R) Core(TM) i5-3340M CPU @ 2.70GHz (family: 0x6, model: 0x3a, stepping: 0x9)
[    0.424851] Performance Events: unsupported p6 CPU model 58 no PMU driver, software events only.
[    0.440383] KVM setup paravirtual spinlock
[    0.442418] x86: Booting SMP configuration:
[    0.443516] .... node  #0, CPUs:      #1
[    0.444682] kvm-clock: cpu 1, msr 0:1ffe3041, secondary cpu clock
[    0.456988] mce: CPU supports 0 MCE banks
[    0.460747] x86: Booted up 1 node, 2 CPUs
[    0.462116] smpboot: Total of 2 processors activated (10765.00 BogoMIPS)
[    0.467694] devtmpfs: initialized
[    0.470727] evm: security.selinux
[    0.471668] evm: security.SMACK64
[    0.472580] evm: security.SMACK64EXEC
[    0.473637] evm: security.SMACK64TRANSMUTE
[    0.474760] evm: security.SMACK64MMAP
[    0.475752] evm: security.ima
[    0.476893] evm: security.capability
[    0.478149] clocksource: jiffies: mask: 0xffffffff max_cycles: 0xffffffff, max_idle_ns: 7645041785100000 ns
[    0.480476] futex hash table entries: 512 (order: 3, 32768 bytes)
[    0.482087] pinctrl core: initialized pinctrl subsystem
[    0.483566] RTC time:  8:05:44, date: 06/19/20
[    0.484914] NET: Registered protocol family 16
[    0.498150] cpuidle: using governor ladder
[    0.514180] cpuidle: using governor menu
[    0.515597] PCCT header not found.
[    0.516651] ACPI: bus type PCI registered
[    0.517701] acpiphp: ACPI Hot Plug PCI Controller Driver version: 0.5
[    0.519415] PCI: Using configuration type 1 for base access
[    0.531133] ACPI: Added _OSI(Module Device)
[    0.532280] ACPI: Added _OSI(Processor Device)
[    0.533427] ACPI: Added _OSI(3.0 _SCP Extensions)
[    0.534684] ACPI: Added _OSI(Processor Aggregator Device)
[    0.536941] ACPI: Executed 1 blocks of module-level executable AML code
[    0.541070] ACPI: Interpreter enabled
[    0.542065] ACPI: (supports S0 S5)
[    0.543054] ACPI: Using IOAPIC for interrupt routing
[    0.544538] PCI: Using host bridge windows from ACPI; if necessary, use "pci=nocrs" and report a bug
[    0.552016] ACPI: PCI Root Bridge [PCI0] (domain 0000 [bus 00-ff])
[    0.553760] acpi PNP0A03:00: _OSC: OS supports [ASPM ClockPM Segments MSI]
[    0.555791] acpi PNP0A03:00: _OSC: not requesting OS control; OS requires [ExtendedConfig ASPM ClockPM MSI]
[    0.558175] acpi PNP0A03:00: fail to add MMCONFIG information, can't access extended PCI configuration space under this bridge.
[    0.561713] PCI host bridge to bus 0000:00
[    0.562878] pci_bus 0000:00: root bus resource [io  0x0000-0x0cf7 window]
[    0.564489] pci_bus 0000:00: root bus resource [io  0x0d00-0xffff window]
[    0.566159] pci_bus 0000:00: root bus resource [mem 0x000a0000-0x000bffff window]
[    0.568124] pci_bus 0000:00: root bus resource [mem 0x20000000-0xfdffffff window]
[    0.570133] pci_bus 0000:00: root bus resource [bus 00-ff]
[    0.573594] pci 0000:00:01.1: legacy IDE quirk: reg 0x10: [io  0x01f0-0x01f7]
[    0.575490] pci 0000:00:01.1: legacy IDE quirk: reg 0x14: [io  0x03f6]
[    0.576992] pci 0000:00:01.1: legacy IDE quirk: reg 0x18: [io  0x0170-0x0177]
[    0.578621] pci 0000:00:01.1: legacy IDE quirk: reg 0x1c: [io  0x0376]
[    0.607048] pci 0000:00:07.0: quirk: [io  0x4000-0x403f] claimed by PIIX4 ACPI
[    0.609054] pci 0000:00:07.0: quirk: [io  0x4100-0x410f] claimed by PIIX4 SMB
[    0.619418] ACPI: PCI Interrupt Link [LNKA] (IRQs 5 9 10 *11)
[    0.621716] ACPI: PCI Interrupt Link [LNKB] (IRQs 5 9 *10 11)
[    0.623665] ACPI: PCI Interrupt Link [LNKC] (IRQs 5 *9 10 11)
[    0.625634] ACPI: PCI Interrupt Link [LNKD] (IRQs 5 9 10 *11)
[    0.627657] ACPI: Enabled 2 GPEs in block 00 to 07
[    0.629337] vgaarb: setting as boot device: PCI:0000:00:02.0
[    0.630658] vgaarb: device added: PCI:0000:00:02.0,decodes=io+mem,owns=io+mem,locks=none
[    0.632780] vgaarb: loaded
[    0.633610] vgaarb: bridge control possible 0000:00:02.0
[    0.635334] SCSI subsystem initialized
[    0.636565] ACPI: bus type USB registered
[    0.637690] usbcore: registered new interface driver usbfs
[    0.639030] usbcore: registered new interface driver hub
[    0.640382] usbcore: registered new device driver usb
[    0.641996] PCI: Using ACPI for IRQ routing
[    0.643508] NetLabel: Initializing
[    0.644452] NetLabel:  domain hash size = 128
[    0.645569] NetLabel:  protocols = UNLABELED CIPSOv4
[    0.646826] NetLabel:  unlabeled traffic allowed by default
[    0.648370] amd_nb: Cannot enumerate AMD northbridges
[    0.650006] clocksource: Switched to clocksource kvm-clock
[    0.661540] AppArmor: AppArmor Filesystem Enabled
[    0.662885] pnp: PnP ACPI init
[    0.665051] pnp: PnP ACPI: found 3 devices
[    0.680453] clocksource: acpi_pm: mask: 0xffffff max_cycles: 0xffffff, max_idle_ns: 2085701024 ns
[    0.682779] NET: Registered protocol family 2
[    0.684249] TCP established hash table entries: 4096 (order: 3, 32768 bytes)
[    0.685899] TCP bind hash table entries: 4096 (order: 4, 65536 bytes)
[    0.687465] TCP: Hash tables configured (established 4096 bind 4096)
[    0.688957] UDP hash table entries: 256 (order: 1, 8192 bytes)
[    0.690457] UDP-Lite hash table entries: 256 (order: 1, 8192 bytes)
[    0.691968] NET: Registered protocol family 1
[    0.693097] pci 0000:00:00.0: Limiting direct PCI/PCI transfers
[    0.694536] pci 0000:00:01.0: Activating ISA DMA hang workarounds
[    0.697278] Unpacking initramfs...
[    0.949510] Freeing initrd memory: 14880K
[    0.950925] RAPL PMU detected, API unit is 2^-32 Joules, 3 fixed counters 10737418240 ms ovfl timer
[    0.953159] hw unit of domain pp0-core 2^-0 Joules
[    0.954326] hw unit of domain package 2^-0 Joules
[    0.955600] hw unit of domain pp1-gpu 2^-0 Joules
[    0.956843] clocksource: tsc: mask: 0xffffffffffffffff max_cycles: 0x26caf4d0df2, max_idle_ns: 440795267974 ns
[    0.959342] platform rtc_cmos: registered platform RTC device (no PNP device found)
[    0.962202] Scanning for low memory corruption every 60 seconds
[    0.965107] audit: initializing netlink subsys (disabled)
[    0.966479] audit: type=2000 audit(1592553949.362:1): initialized
[    0.968458] Initialise system trusted keyring
[    0.969820] HugeTLB registered 2 MB page size, pre-allocated 0 pages
[    0.973484] zbud: loaded
[    0.974811] VFS: Disk quotas dquot_6.6.0
[    0.975898] VFS: Dquot-cache hash table entries: 512 (order 0, 4096 bytes)
[    0.977834] squashfs: version 4.0 (2009/01/31) Phillip Lougher
[    0.979725] fuse init (API version 7.23)
[    0.980944] Key type big_key registered
[    0.982175] Allocating IMA MOK and blacklist keyrings.
[    0.984819] Key type asymmetric registered
[    0.985903] Asymmetric key parser 'x509' registered
[    0.987378] Block layer SCSI generic (bsg) driver version 0.4 loaded (major 249)
[    0.989425] io scheduler noop registered
[    0.990449] io scheduler deadline registered (default)
[    0.991955] io scheduler cfq registered
[    0.993115] pci_hotplug: PCI Hot Plug PCI Core version: 0.5
[    0.994503] pciehp: PCI Express Hot Plug Controller Driver version: 0.4
[    0.996348] ACPI: AC Adapter [AC] (on-line)
[    0.997503] input: Power Button as /devices/LNXSYSTM:00/LNXPWRBN:00/input/input0
[    0.999511] ACPI: Power Button [PWRF]
[    1.000595] input: Sleep Button as /devices/LNXSYSTM:00/LNXSLPBN:00/input/input1
[    1.002768] ACPI: Sleep Button [SLPF]
[    1.004160] GHES: HEST is not enabled!
[    1.006068] ACPI: Battery Slot [BAT0] (battery present)
[    1.011188] Serial: 8250/16550 driver, 32 ports, IRQ sharing enabled
[    1.033511] 00:02: ttyS0 at I/O 0x3f8 (irq = 4, base_baud = 115200) is a 16550A
[    1.045949] Linux agpgart interface v0.103
[    1.054358] loop: module loaded
[    1.056489] scsi host0: ata_piix
[    1.059442] scsi host1: ata_piix
[    1.060474] ata1: PATA max UDMA/33 cmd 0x1f0 ctl 0x3f6 bmdma 0xd000 irq 14
[    1.062052] ata2: PATA max UDMA/33 cmd 0x170 ctl 0x376 bmdma 0xd008 irq 15
[    1.064158] libphy: Fixed MDIO Bus: probed
[    1.065287] tun: Universal TUN/TAP device driver, 1.6
[    1.066622] tun: (C) 1999-2004 Max Krasnyansky <maxk@qualcomm.com>
[    1.072380] PPP generic driver version 2.4.2
[    1.073786] ehci_hcd: USB 2.0 'Enhanced' Host Controller (EHCI) Driver
[    1.075498] ehci-pci: EHCI PCI platform driver
[    1.076723] ehci-platform: EHCI generic platform driver
[    1.078113] ohci_hcd: USB 1.1 'Open' Host Controller (OHCI) Driver
[    1.080133] ohci-pci: OHCI PCI platform driver
[    1.082112] ohci-platform: OHCI generic platform driver
[    1.083514] uhci_hcd: USB Universal Host Controller Interface driver
[    1.085180] i8042: PNP: PS/2 Controller [PNP0303:PS2K,PNP0f03:PS2M] at 0x60,0x64 irq 1,12
[    1.088013] serio: i8042 KBD port at 0x60,0x64 irq 1
[    1.089281] serio: i8042 AUX port at 0x60,0x64 irq 12
[    1.092267] mousedev: PS/2 mouse device common for all mice
[    1.097592] rtc_cmos rtc_cmos: rtc core: registered rtc_cmos as rtc0
[    1.101432] input: AT Translated Set 2 keyboard as /devices/platform/i8042/serio0/input/input2
[    1.106344] rtc_cmos rtc_cmos: alarms up to one day, 114 bytes nvram
[    1.106367] i2c /dev entries driver
[    1.106460] device-mapper: uevent: version 1.0.3
[    1.106567] device-mapper: ioctl: 4.34.0-ioctl (2015-10-28) initialised: dm-devel@redhat.com
[    1.106592] ledtrig-cpu: registered to indicate activity on CPUs
[    1.106990] NET: Registered protocol family 10
[    1.107225] NET: Registered protocol family 17
[    1.107238] Key type dns_resolver registered
[    1.107608] registered taskstats version 1
[    1.107623] Loading compiled-in X.509 certificates
[    1.108526] Loaded X.509 cert 'Build time autogenerated kernel key: f33c437cc9123d9712070bdfe932b55b24c56047'
[    1.108563] zswap: loaded using pool lzo/zbud
[    1.111361] Key type trusted registered
[    1.117980] Key type encrypted registered
[    1.117989] AppArmor: AppArmor sha1 policy hashing enabled
[    1.117993] ima: No TPM chip found, activating TPM-bypass!
[    1.118001] ima: Allocated hash algorithm: sha1
[    1.118023] evm: HMAC attrs: 0x1
[    1.118461]   Magic number: 8:786:68
[    1.118462]   hash matches /build/linux-rT0dOz/linux-4.4.0/drivers/base/power/main.c:481
[    1.127849] rtc_cmos rtc_cmos: setting system clock to 2020-06-19 08:05:44 UTC (1592553944)
[    1.128012] BIOS EDD facility v0.16 2004-Jun-25, 0 devices found
[    1.128012] EDD information not available.
[    1.380495] Freeing unused kernel memory: 1488K
[    1.381705] Write protecting the kernel read-only data: 14336k
[    1.383708] Freeing unused kernel memory: 1604K
[    1.385070] Freeing unused kernel memory: 60K
Loading, please wait...
starting version 229
[    1.406348] random: systemd-udevd: uninitialized urandom read (16 bytes read, 2 bits of entropy available)
[    1.408935] random: systemd-udevd: uninitialized urandom read (16 bytes read, 2 bits of entropy available)
[    1.410648] random: udevadm: uninitialized urandom read (16 bytes read, 2 bits of entropy available)
[    1.410686] random: udevadm: uninitialized urandom read (16 bytes read, 2 bits of entropy available)
[    1.416594] random: systemd-udevd: uninitialized urandom read (16 bytes read, 2 bits of entropy available)
[    1.419126] random: systemd-udevd: uninitialized urandom read (16 bytes read, 2 bits of entropy available)
[    1.428653] random: systemd-udevd: uninitialized urandom read (16 bytes read, 2 bits of entropy available)
[    1.431265] random: systemd-udevd: uninitialized urandom read (16 bytes read, 2 bits of entropy available)
[    1.433757] random: systemd-udevd: uninitialized urandom read (16 bytes read, 2 bits of entropy available)
[    1.436716] random: systemd-udevd: uninitialized urandom read (16 bytes read, 2 bits of entropy available)
[    1.503176] e1000: Intel(R) PRO/1000 Network Driver - version 7.3.21-k8-NAPI
[    1.505114] e1000: Copyright (c) 1999-2006 Intel Corporation.
[    1.541618] Fusion MPT base driver 3.04.20
[    1.542798] Copyright (c) 1999-2008 LSI Corporation
[    1.559640] AVX version of gcm_enc/dec engaged.
[    1.562477] AES CTR mode by8 optimization enabled
[    1.570344] Fusion MPT SPI Host driver 3.04.20
[    1.744385] input: ImExPS/2 Generic Explorer Mouse as /devices/platform/i8042/serio1/input/input4
[    1.932320] e1000 0000:00:03.0 eth0: (PCI:33MHz:32-bit) 02:89:d0:e0:cd:77
[    1.934180] e1000 0000:00:03.0 eth0: Intel(R) PRO/1000 Network Connection
[    2.319721] e1000 0000:00:08.0 eth1: (PCI:33MHz:32-bit) 08:00:27:0f:00:02
[    2.324819] e1000 0000:00:08.0 eth1: Intel(R) PRO/1000 Network Connection
[    2.331477] mptbase: ioc0: Initiating bringup
[    2.337287] e1000 0000:00:03.0 enp0s3: renamed from eth0
[    2.355544] e1000 0000:00:08.0 enp0s8: renamed from eth1
[    2.958307] ioc0: LSI53C1030 A0: Capabilities={Initiator}
[    4.564114] scsi host2: ioc0: LSI53C1030 A0, FwRev=00000000h, Ports=1, MaxQ=256, IRQ=20
[    7.140022] scsi 2:0:0:0: Direct-Access     VBOX     HARDDISK         1.0  PQ: 0 ANSI: 5
[    7.155295] scsi target2:0:0: Beginning Domain Validation
[    7.157707] scsi target2:0:0: Domain Validation skipping write tests
[    7.159238] scsi target2:0:0: Ending Domain Validation
[    7.160584] scsi target2:0:0: asynchronous
[    7.162240] scsi 2:0:1:0: Direct-Access     VBOX     HARDDISK         1.0  PQ: 0 ANSI: 5
[    7.164381] scsi target2:0:1: Beginning Domain Validation
[    7.166775] scsi target2:0:1: Domain Validation skipping write tests
[    7.168289] scsi target2:0:1: Ending Domain Validation
[    7.169664] scsi target2:0:1: asynchronous
[    7.177512] sd 2:0:0:0: Attached scsi generic sg0 type 0
[    7.178990] sd 2:0:0:0: [sda] 20971520 512-byte logical blocks: (10.7 GB/10.0 GiB)
[    7.181657] sd 2:0:1:0: [sdb] 20480 512-byte logical blocks: (10.5 MB/10.0 MiB)
[    7.184105] sd 2:0:0:0: [sda] Write Protect is off
[    7.184537] sd 2:0:1:0: Attached scsi generic sg1 type 0
[    7.184952] sd 2:0:1:0: [sdb] Write Protect is off
[    7.185065] sd 2:0:1:0: [sdb] Incomplete mode parameter data
[    7.185067] sd 2:0:1:0: [sdb] Assuming drive cache: write through
[    7.188702] sd 2:0:1:0: [sdb] Attached SCSI disk
[    7.201632] sd 2:0:0:0: [sda] Incomplete mode parameter data
[    7.204803] sd 2:0:0:0: [sda] Assuming drive cache: write through
[    7.209691]  sda: sda1
[    7.212557] sd 2:0:0:0: [sda] Attached SCSI disk
Begin: Loading essential drivers ... [    8.668430] md: linear personality registered for level -1
[    8.673890] md: multipath personality registered for level -4
[    8.679354] md: raid0 personality registered for level 0
[    8.686398] md: raid1 personality registered for level 1
[    8.762074] raid6: sse2x1   gen()  5208 MB/s
[    8.830066] raid6: sse2x1   xor()  4555 MB/s
[    8.898076] raid6: sse2x2   gen()  7346 MB/s
[    8.966059] raid6: sse2x2   xor()  5233 MB/s
[    9.034068] raid6: sse2x4   gen()  8710 MB/s
[    9.102077] raid6: sse2x4   xor()  5500 MB/s
[    9.103652] raid6: using algorithm sse2x4 gen() 8710 MB/s
[    9.105367] raid6: .... xor() 5500 MB/s, rmw enabled
[    9.107036] raid6: using ssse3x2 recovery algorithm
[    9.131606] xor: automatically using best checksumming function:
[    9.170307]    avx       : 18612.000 MB/sec
[    9.183588] async_tx: api initialized (async)
[    9.198588] md: raid6 personality registered for level 6
[    9.200186] md: raid5 personality registered for level 5
[    9.202007] md: raid4 personality registered for level 4
[    9.211344] md: raid10 personality registered for level 10
done.
Begin: Running /scripts/init-premount ... done.
Begin: Mounting root file system ... Begin: Running /scripts/local-top ... done.
Begin: Running /scripts/local-premount ... [    9.250099] Btrfs loaded
Scanning for Btrfs filesystems
done.
Warning: fsck not present, so skipping root file system
[    9.285432] EXT4-fs (sda1): mounted filesystem with ordered data mode. Opts: (null)
done.
Begin: Running /scripts/local-bottom ... done.
Begin: Running /scripts/init-bottom ... done.
[    9.396845] systemd[1]: systemd 229 running in system mode. (+PAM +AUDIT +SELINUX +IMA +APPARMOR +SMACK +SYSVINIT +UTMP +LIBCRYPTSETUP +GCRYPT +GNUTLS +ACL +XZ -LZ4 +SECCOMP +BLKID +ELFUTILS +KMOD -IDN)
[    9.401269] systemd[1]: Detected virtualization oracle.
[    9.402590] systemd[1]: Detected architecture x86-64.

Welcome to [1mUbuntu 16.04.6 LTS[0m!

[    9.407124] systemd[1]: Set hostname to <ubuntu>.
[    9.410003] systemd[1]: Initializing machine ID from random generator.
[    9.411701] systemd[1]: Installed transient /etc/machine-id file.
[   11.550426] systemd[1]: Reached target Encrypted Volumes.
[[0;32m  OK  [0m] Reached target Encrypted Volumes.
[   11.553660] systemd[1]: Listening on Syslog Socket.
[[0;32m  OK  [0m] Listening on Syslog Socket.
[   11.556249] systemd[1]: Listening on Journal Audit Socket.
[[0;32m  OK  [0m] Listening on Journal Audit Socket.
[   11.558978] systemd[1]: Listening on /dev/initctl Compatibility Named Pipe.
[[0;32m  OK  [0m] Listening on /dev/initctl Compatibility Named Pipe.
[   11.958815] systemd[1]: Listening on udev Kernel Socket.
[[0;32m  OK  [0m] Listening on udev Kernel Socket.
[   11.962400] systemd[1]: Listening on LVM2 poll daemon socket.
[[0;32m  OK  [0m] Listening on LVM2 poll daemon socket.
[   11.965525] systemd[1]: Reached target System Time Synchronized.
[[0;32m  OK  [0m] Reached target System Time Synchronized.
[   11.968765] systemd[1]: Created slice System Slice.
[[0;32m  OK  [0m] Created slice System Slice.
[   11.971181] systemd[1]: Listening on Journal Socket.
[[0;32m  OK  [0m] Listening on Journal Socket.
[   11.986334] systemd[1]: Starting Remount Root and Kernel File Systems...
         Starting Remount Root and Kernel File Systems...
[   11.992364] systemd[1]: Starting Create list of required static device nodes for the current kernel...
         [   12.004564] EXT4-fs (sda1): re-mounted. Opts: (null)
Starting Create list of required st... nodes for the current kernel...
[   12.014910] systemd[1]: Starting Nameserver information manager...
         Starting Nameserver information manager...
[   12.028135] systemd[1]: Starting Load Kernel Modules...
         Starting Load Kernel Modules...
[   12.035362] systemd[1]: Listening on Device-mapper event daemon FIFOs.
[[0;32m  OK  [0m] Listening on Device-mapper event daemon FIFOs.
[   12.045465] systemd[1]: Set up automount Arbitrary Executable File Formats File System Automount Point.
[   12.048816] Loading iSCSI transport class v2.0-870.
[[0;32m  OK  [0m] Set up automount Arbitrary Executab...ats File System Automount Point.
[   12.067099] iscsi: registered transport (tcp)
[   12.070402] systemd[1]: Mounting POSIX Message Queue File System...
         Mounting POSIX Message Queue File System...
[   12.086793] systemd[1]: Mounting Huge Pages File System...
         Mounting Huge Pages File System...
[   12.116034] systemd[1]: Listening on Journal Socket (/dev/log).
[[0;32m  OK  [0m] Listening on Journal Socket (/dev/log).
[   12.120472] systemd[1]: Starting Journal Service...
         Starting Journal Service...
[   12.125461] systemd[1]: Starting Uncomplicated firewall...
         Starting Uncomplicated firewall...
[   12.130042] systemd[1]: Mounting Debug File System...
         Mounting Debug File System...
[   12.136516] systemd[1]: Starting Set console keymap...
         Starting Set console keymap...
[   12.163356] systemd[1]: Reached target User and Group Name Lookups.
[[0;32m  OK  [0m] Reached target User and Group Name Lookups.
[   12.175352] systemd[1]: Created slice User and Session Slice.
[[0;32m  OK  [0m] Created slice User and Session Slice.
[   12.178778] systemd[1]: Reached target Slices.
[[0;32m  OK  [0m] Reached target Slices.
[   12.181522] systemd[1]: Created slice system-serial\x2dgetty.slice.
[[0;32m  OK  [0m] Created slice system-serial\x2dgetty.slice.
[   12.185382] systemd[1]: Reached target Swap.
[[0;32m  OK  [0m] Reached target Swap.
[   12.188753] systemd[1]: Listening on udev Control Socket.
[[0;32m  OK  [0m] Listening on udev Control Socket.
[   12.194645] systemd[1]: Started Trigger resolvconf update for networkd DNS.
[[0;32m  OK  [0m] Started Trigger resolvconf update for networkd DNS.
[   12.198232] systemd[1]: Started Forward Password Requests to Wall Directory Watch.
[   12.200918] iscsi: registered transport (iser)
[[0;32m  OK  [0m] Started Forward Password Requests to Wall Directory Watch.
[   12.207410] systemd[1]: Listening on LVM2 metadata daemon socket.
[[0;32m  OK  [0m] Listening on LVM2 metadata daemon socket.
[   12.228837] systemd[1]: Starting Monitoring of LVM2 mirrors, snapshots etc. using dmeventd or progress polling...
         Starting Monitoring of LVM2 mirrors... dmeventd or progress polling...
[   12.247857] systemd[1]: Mounted Debug File System.
[[0;32m  OK  [0m] Mounted Debug File System.
[   12.250593] systemd[1]: Mounted POSIX Message Queue File System.
[[0;32m  OK  [0m] Mounted POSIX Message Queue File System.
[   12.263790] systemd[1]: Mounted Huge Pages File System.
[[0;32m  OK  [0m] Mounted Huge Pages File System.
[   12.272195] systemd[1]: Started Journal Service.
[[0;32m  OK  [0m] Started Journal Service.
[[0;32m  OK  [0m] Started Remount Root and Kernel File Systems.
[[0;32m  OK  [0m] Started Create list of required sta...ce nodes for the current kernel.
[[0;32m  OK  [0m] Started Load Kernel Modules.
[[0;32m  OK  [0m] Started Uncomplicated firewall.
[[0;32m  OK  [0m] Started Set console keymap.
[[0;32m  OK  [0m] Started Nameserver information manager.
[[0;32m  OK  [0m] Started LVM2 metadata daemon.
         Starting Apply Kernel Variables...
         Mounting FUSE Control File System...
         Starting Create Static Device Nodes in /dev...
         Starting Load/Save Random Seed...
         Starting udev Coldplug all Devices...
         Starting Flush Journal to Persistent Storage...
[[0;32m  OK  [0m] Mounted FUSE Control File System.
[[0;32m  OK  [0m] Started Apply Kernel Variables.
[[0;32m  OK  [0m] Started Load/Save Random Seed.
[[0;32m  OK  [0m] Started Flush Journal to Persistent Storage.
[[0;32m  OK  [0m] Started Create Static Device Nodes in /dev.
         Starting udev Kernel Device Manager...
[[0;32m  OK  [0m] Started udev Kernel Device Manager.
[[0;32m  OK  [0m] Started udev Coldplug all Devices.
[[0;32m  OK  [0m] Started Dispatch Password Requests to Console Directory Watch.
[[0;32m  OK  [0m] Started Monitoring of LVM2 mirrors,...ng dmeventd or progress polling.
[[0;32m  OK  [0m] Reached target Local File Systems (Pre).
[[0;32m  OK  [0m] Reached target Local File Systems.
         Starting Set console font and keymap...
         Starting Commit a transient machine-id on disk...
         Starting Tell Plymouth To Write Out Runtime Data...
         Starting Initial cloud-init job (pre-networking)...
         Starting LSB: AppArmor initialization...
         Starting Create Volatile Files and Directories...
[[0;32m  OK  [0m] Found device /dev/ttyS0.
[[0;32m  OK  [0m] Started Tell Plymouth To Write Out Runtime Data.
[[0;32m  OK  [0m] Started Create Volatile Files and Directories.
         Starting Update UTMP about System Boot/Shutdown...
[[0;32m  OK  [0m] Started Commit a transient machine-id on disk.
[[0;32m  OK  [0m] Started Update UTMP about System Boot/Shutdown.
[[0;32m  OK  [0m] Listening on Load/Save RF Kill Switch Status /dev/rfkill Watch.
[[0;32m  OK  [0m] Started LSB: AppArmor initialization.
[   14.778147] cloud-init[496]: Cloud-init v. 19.4-33-gbb4131a2-0ubuntu1~16.04.1 running 'init-local' at Fri, 19 Jun 2020 08:05:57 +0000. Up 14.06 seconds.
[[0;32m  OK  [0m] Started Initial cloud-init job (pre-networking).
[[0;32m  OK  [0m] Reached target Network (Pre).
         Starting Raise network interfaces...
[[0;32m  OK  [0m] Started Set console font and keymap.
[[0;32m  OK  [0m] Created slice system-getty.slice.
[[0;32m  OK  [0m] Started Raise network interfaces.
[[0;32m  OK  [0m] Reached target Network.
         Starting Initial cloud-init job (metadata service crawler)...
[   16.817862] cloud-init[965]: Cloud-init v. 19.4-33-gbb4131a2-0ubuntu1~16.04.1 running 'init' at Fri, 19 Jun 2020 08:05:59 +0000. Up 15.71 seconds.
[   16.820290] cloud-init[965]: ci-info: ++++++++++++++++++++++++++++++++++++++Net device info+++++++++++++++++++++++++++++++++++++++
[   16.822779] cloud-init[965]: ci-info: +--------+-------+----------------------------+---------------+--------+-------------------+
[   16.825184] cloud-init[965]: ci-info: | Device |   Up  |          Address           |      Mask     | Scope  |     Hw-Address    |
[   16.827806] cloud-init[965]: ci-info: +--------+-------+----------------------------+---------------+--------+-------------------+
[   16.829920] cloud-init[965]: ci-info: | enp0s3 |  True |         10.0.2.15          | 255.255.255.0 | global | 02:89:d0:e0:cd:77 |
[   16.832326] cloud-init[965]: ci-info: | enp0s3 |  True | fe80::89:d0ff:fee0:cd77/64 |       .       |  link  | 02:89:d0:e0:cd:77 |
[   16.834953] cloud-init[965]: ci-info: | enp0s8 | False |             .              |       .       |   .    | 08:00:27:0f:00:02 |
[   16.837269] cloud-init[965]: ci-info: |   lo   |  True |         127.0.0.1          |   255.0.0.0   |  host  |         .         |
[   16.844415] cloud-init[965]: ci-info: |   lo   |  True |          ::1/128           |       .       |  host  |         .         |
[   16.846941] cloud-init[965]: ci-info: +--------+-------+----------------------------+---------------+--------+-------------------+
[   16.849409] cloud-init[965]: ci-info: +++++++++++++++++++++++++++Route IPv4 info++++++++++++++++++++++++++++
[   16.851552] cloud-init[965]: ci-info: +-------+-------------+----------+---------------+-----------+-------+
[   16.853889] cloud-init[965]: ci-info: | Route | Destination | Gateway  |    Genmask    | Interface | Flags |
[   16.856118] cloud-init[965]: ci-info: +-------+-------------+----------+---------------+-----------+-------+
[   16.858474] cloud-init[965]: ci-info: |   0   |   0.0.0.0   | 10.0.2.2 |    0.0.0.0    |   enp0s3  |   UG  |
[   16.860640] cloud-init[965]: ci-info: |   1   |   10.0.2.0  | 0.0.0.0  | 255.255.255.0 |   enp0s3  |   U   |
[   16.862610] cloud-init[965]: ci-info: +-------+-------------+----------+---------------+-----------+-------+
[   16.864733] cloud-init[965]: ci-info: +++++++++++++++++++Route IPv6 info+++++++++++++++++++
[   16.866511] cloud-init[965]: ci-info: +-------+-------------+---------+-----------+-------+
[   16.868209] cloud-init[965]: ci-info: | Route | Destination | Gateway | Interface | Flags |
[   16.870143] cloud-init[965]: ci-info: +-------+-------------+---------+-----------+-------+
[   16.871936] cloud-init[965]: ci-info: |   0   |  fe80::/64  |    ::   |   enp0s3  |   U   |
[   16.874196] cloud-init[965]: ci-info: |   3   |   ff00::/8  |    ::   |   enp0s3  |   U   |
[   16.875997] cloud-init[965]: ci-info: +-------+-------------+---------+-----------+-------+
[   16.877931] cloud-init[965]: Generating public/private rsa key pair.
[   16.879757] cloud-init[965]: Your identification has been saved in /etc/ssh/ssh_host_rsa_key.
[   16.881761] cloud-init[965]: Your public key has been saved in /etc/ssh/ssh_host_rsa_key.pub.
[   16.883634] cloud-init[965]: The key fingerprint is:
[   16.885017] cloud-init[965]: SHA256:GNodHkyvYSzEgnwy1zYM+i2IgFWqQ8ga7ov09PiptUs root@ubuntu-xenial
[   16.887000] cloud-init[965]: The key's randomart image is:
[   16.888634] cloud-init[965]: +---[RSA 2048]----+
[   16.890019] cloud-init[965]: | ..oo=. .        |
[   16.891312] cloud-init[965]: |+.=o+.*+ .       |
[   16.892614] cloud-init[965]: |=oo= oo.B .      |
[   16.893888] cloud-init[965]: |=+ o + B =       |
[   16.895285] cloud-init[965]: |=.. + + S        |
[   16.896637] cloud-init[965]: |..   .           |
[   16.897990] cloud-init[965]: | o . E           |
[   16.899228] cloud-init[965]: |o + = o          |
[   16.900509] cloud-init[965]: |.. +o*.          |
[   16.901847] cloud-init[965]: +----[SHA256]-----+
[   16.903521] cloud-init[965]: Generating public/private dsa key pair.
[   16.905202] cloud-init[965]: Your identification has been saved in /etc/ssh/ssh_host_dsa_key.
[   16.907094] cloud-init[965]: Your public key has been saved in /etc/ssh/ssh_host_dsa_key.pub.
[   16.909049] cloud-init[965]: The key fingerprint is:
[   16.910390] cloud-init[965]: SHA256:76MKu9QZED730QGfFb5AwXp/Mrnr66RlhuTJ/7qxCDU root@ubuntu-xenial
[   16.912472] cloud-init[965]: The key's randomart image is:
[   16.914001] cloud-init[965]: +---[DSA 1024]----+
[   16.915405] cloud-init[965]: |    .   .o+.o.   |
[   16.916802] cloud-init[965]: |   . .   +.=     |
[   16.918166] cloud-init[965]: |    + . ..= .    |
[   16.919967] cloud-init[965]: |     + ..... .   |
[   16.921400] cloud-init[965]: |      . S.E...   |
[   16.922697] cloud-init[965]: |     . o * += .  |
[   16.927913] cloud-init[965]: |    o o . * *=   |
[   16.929479] cloud-init[965]: |   . o   o.O.o   |
[   16.930880] cloud-init[965]: |    o.....++X*.  |
[   16.932145] cloud-init[965]: +----[SHA256]-----+
[   16.933355] cloud-init[965]: Generating public/private ecdsa key pair.
[   16.935198] cloud-init[965]: Your identification has been saved in /etc/ssh/ssh_host_ecdsa_key.
[   16.937029] cloud-init[965]: Your public key has been saved in /etc/ssh/ssh_host_ecdsa_key.pub.
[   16.938889] cloud-init[965]: The key fingerprint is:
[   16.940249] cloud-init[965]: SHA256:mIGuXZwP/Zt4F19KbrjtLXkVy6hvLDQOylZatj7ynEU root@ubuntu-xenial
[   16.942337] cloud-init[965]: The key's randomart image is:
[   16.943816] cloud-init[965]: +---[ECDSA 256]---+
[   16.945215] cloud-init[965]: |                 |
[   16.946482] cloud-init[965]: |     .           |
[   16.947757] cloud-init[965]: |    . .          |
[   16.949246] cloud-init[965]: |   . . *       . |
[   16.950473] cloud-init[965]: |    . B S  E  o o|
[   16.951781] cloud-init[965]: |   o . o *.o...oo|
[   16.953172] cloud-init[965]: |  . . . B *.+* +.|
[   16.954502] cloud-init[965]: |       *.++*o+B..|
[   16.955691] cloud-init[965]: |      . =*+.==oo.|
[   16.956997] cloud-init[965]: +----[SHA256]-----+
[   16.958460] cloud-init[965]: Generating public/private ed25519 key pair.
[   16.960456] cloud-init[965]: Your identification has been saved in /etc/ssh/ssh_host_ed25519_key.
[   16.962665] cloud-init[965]: Your public key has been saved in /etc/ssh/ssh_host_ed25519_key.pub.
[   16.965211] cloud-init[965]: The key fingerprint is:
[   16.966602] cloud-init[965]: SHA256:gEnW5M3ZXxQKUqrnocZBwAAjMdsvmiPeswqwOtSfdMk root@ubuntu-xenial
[   16.968695] cloud-init[965]: The key's randomart image is:
[   16.970356] cloud-init[965]: +--[ED25519 256]--+
[   16.971792] cloud-init[965]: |*o.o+o. ..o   o. |
[   16.973264] cloud-init[965]: |.= o.=.o = . o   |
[   16.974664] cloud-init[965]: |. . o + = . . .  |
[   16.975927] cloud-init[965]: |   . . o   . .   |
[   16.977319] cloud-init[965]: |. o . + S   .    |
[   16.978992] cloud-init[965]: |.= o o E .       |
[   16.980876] cloud-init[965]: |O   o * .        |
[   16.982329] cloud-init[965]: |*... +           |
[   16.983560] cloud-init[965]: |.+.oo            |
[   16.984867] cloud-init[965]: +----[SHA256]-----+
[[0;32m  OK  [0m] Started Initial cloud-init job (metadata service crawler).
[[0;32m  OK  [0m] Reached target Network is Online.
         Starting iSCSI initiator daemon (iscsid)...
[[0;32m  OK  [0m] Reached target Cloud-config availability.
[[0;32m  OK  [0m] Reached target System Initialization.
[[0;32m  OK  [0m] Started Daily apt download activities.
[[0;32m  OK  [0m] Listening on ACPID Listen Socket.
         Starting LXD - unix socket.
[[0;32m  OK  [0m] Started ACPI Events Check.
[[0;32m  OK  [0m] Reached target Paths.
[[0;32m  OK  [0m] Listening on D-Bus System Message Bus Socket.
[[0;32m  OK  [0m] Started Daily Cleanup of Temporary Directories.
[[0;32m  OK  [0m] Listening on UUID daemon activation socket.
[[0;32m  OK  [0m] Started Message of the Day.
[[0;32m  OK  [0m] Started Daily apt upgrade and clean activities.
[[0;32m  OK  [0m] Reached target Timers.
         Starting Socket activation for snappy daemon.
[[0;32m  OK  [0m] Listening on LXD - unix socket.
[[0;32m  OK  [0m] Listening on Socket activation for snappy daemon.
[[0;32m  OK  [0m] Reached target Sockets.
[[0;32m  OK  [0m] Reached target Basic System.
         Starting Virtualbox guest utils...
         Starting Snappy daemon...
         Starting Login Service...
         Starting LXD - container startup/shutdown...
         Starting LSB: Record successful boot for GRUB...
         Starting /etc/rc.local Compatibility...
[[0;32m  OK  [0m] Started Deferred execution scheduler.
[[0;32m  OK  [0m] Started FUSE filesystem for LXC.
         Starting System Logging Service...
         Starting LSB: MD monitoring daemon...
         Starting Pollinate to seed the pseudo random number generator...
         Starting Accounts Service...
[[0;32m  OK  [0m] Started Regular background program processing daemon.
[[0;32m  OK  [0m] Started ACPI event daemon.
[[0;32m  OK  [0m] Started D-Bus System Message Bus.
[[0;32m  OK  [0m] Started System Logging Service.
[[0;32m  OK  [0m] Started iSCSI initiator daemon (iscsid).
[[0;32m  OK  [0m] Started /etc/rc.local Compatibility.
[[0;32m  OK  [0m] Started Login Service.
[[0;32m  OK  [0m] Started Unattended Upgrades Shutdown.
         Starting Login to default iSCSI targets...
[[0;32m  OK  [0m] Started LSB: Record successful boot for GRUB.
         Starting Authenticate and Authorize Users to Run Privileged Tasks...
[[0;32m  OK  [0m] Started LSB: MD monitoring daemon.
[[0;32m  OK  [0m] Started Login to default iSCSI targets.
[[0;32m  OK  [0m] Reached target Remote File Systems (Pre).
[[0;32m  OK  [0m] Reached target Remote File Systems.
         Starting LSB: Set the CPU Frequency Scaling governor to "ondemand"...
         Starting LSB: daemon to balance interrupts for SMP systems...
         Starting LSB: automatic crash report generation...
         Starting Permit User Sessions...
[[0;32m  OK  [0m] Started LXD - container startup/shutdown.
[[0;32m  OK  [0m] Started Permit User Sessions.
         Starting Hold until boot process finishes up...
         Starting Terminate Plymouth Boot Screen...
[[0;32m  OK  [0m] Started Hold until boot process finishes up.
[[0;32m  OK  [0m] Started Terminate Plymouth Boot Screen.
         Starting Set console scheme...
[[0;32m  OK  [0m] Started Getty on tty1.
[[0;32m  OK  [0m] Started Serial Getty on ttyS0.
[[0;32m  OK  [0m] Reached target Login Prompts.
[[0;32m  OK  [0m] Started LSB: Set the CPU Frequency Scaling governor to "ondemand".
[[0;32m  OK  [0m] Started Set console scheme.
[[0;32m  OK  [0m] Started Authenticate and Authorize Users to Run Privileged Tasks.
[[0;32m  OK  [0m] Started LSB: automatic crash report generation.
[[0;32m  OK  [0m] Started Accounts Service.
[[0;32m  OK  [0m] Started LSB: daemon to balance interrupts for SMP systems.
[[0;32m  OK  [0m] Started Virtualbox guest utils.
[[0;32m  OK  [0m] Started Snappy daemon.
         Starting Wait until snapd is fully seeded...
[[0;32m  OK  [0m] Started Pollinate to seed the pseudo random number generator.
         Starting OpenBSD Secure Shell server...
[[0;32m  OK  [0m] Started OpenBSD Secure Shell server.
[[0;32m  OK  [0m] Created slice User Slice of vagrant.
         Starting User Manager for UID 1000...
[[0;32m  OK  [0m] Started Session 1 of user vagrant.
[[0;32m  OK  [0m] Started User Manager for UID 1000.
         Stopping User Manager for UID 1000...
[[0;32m  OK  [0m] Stopped User Manager for UID 1000.
[[0;32m  OK  [0m] Removed slice User Slice of vagrant.
[[0;32m  OK  [0m] Started Wait until snapd is fully seeded.
         Starting Apply the settings specified in cloud-config...
[[0;32m  OK  [0m] Reached target Multi-User System.
[[0;32m  OK  [0m] Reached target Graphical Interface.
         Starting Update UTMP about System Runlevel Changes...
[[0;32m  OK  [0m] Started Update UTMP about System Runlevel Changes.
[[0;32m  OK  [0m] Created slice User Slice of vagrant.
         Starting User Manager for UID 1000...
[[0;32m  OK  [0m] Started Session 2 of user vagrant.
[[0;32m  OK  [0m] Started User Manager for UID 1000.
[   22.701843] cloud-init[1535]: Generating locales (this might take a while)...

Ubuntu 16.04.6 LTS ubuntu-xenial ttyS0

ubuntu-xenial login: [   23.917495] cloud-init[1535]:   en_US.UTF-8... done
[   23.918919] cloud-init[1535]: Generation complete.
[   24.419540] cloud-init[1535]: Cloud-init v. 19.4-33-gbb4131a2-0ubuntu1~16.04.1 running 'modules:config' at Fri, 19 Jun 2020 08:06:06 +0000. Up 22.54 seconds.
ci-info: no authorized SSH keys fingerprints found for user ubuntu.
<14>Jun 19 08:06:08 ec2: 
<14>Jun 19 08:06:08 ec2: #############################################################
<14>Jun 19 08:06:08 ec2: -----BEGIN SSH HOST KEY FINGERPRINTS-----
<14>Jun 19 08:06:08 ec2: 1024 SHA256:76MKu9QZED730QGfFb5AwXp/Mrnr66RlhuTJ/7qxCDU root@ubuntu-xenial (DSA)
<14>Jun 19 08:06:08 ec2: 256 SHA256:mIGuXZwP/Zt4F19KbrjtLXkVy6hvLDQOylZatj7ynEU root@ubuntu-xenial (ECDSA)
<14>Jun 19 08:06:08 ec2: 256 SHA256:gEnW5M3ZXxQKUqrnocZBwAAjMdsvmiPeswqwOtSfdMk root@ubuntu-xenial (ED25519)
<14>Jun 19 08:06:08 ec2: 2048 SHA256:GNodHkyvYSzEgnwy1zYM+i2IgFWqQ8ga7ov09PiptUs root@ubuntu-xenial (RSA)
<14>Jun 19 08:06:08 ec2: -----END SSH HOST KEY FINGERPRINTS-----
<14>Jun 19 08:06:08 ec2: #############################################################
-----BEGIN SSH HOST KEY KEYS-----
ecdsa-sha2-nistp256 AAAAE2VjZHNhLXNoYTItbmlzdHAyNTYAAAAIbmlzdHAyNTYAAABBBIpM0/YF7UJyA4RFwnBEoq0Q0BBfsOAgBwD8Mfpb9gchkKxJkfpYHk14yi/HdHW7gnXdZnErZmwybSi1Vf14+yA= root@ubuntu-xenial
ssh-ed25519 AAAAC3NzaC1lZDI1NTE5AAAAIAgh2IIkJ5x/+yf4O97E6eRCPBzxHMizEKy3ccITk8t2 root@ubuntu-xenial
ssh-rsa AAAAB3NzaC1yc2EAAAADAQABAAABAQC+y3xJOZXmMTq9SutFjhpx4oCisqFkyKESbuXWpCxmUP6RRsdbaFpHru+VNKTcP/CgHo3hQ4NlIZO5g/7QXjz+Vgm0Cg+FCSwgG0/o1nzoez3DYBoJnSCiIV0OHv/7N9eO3qvpkWdenH1vEzLQKdovUZnMbSbP1jqGkli0Ky4i/pTLCzV3tRZ9JOVjBmuToh0mqbhXTDfbqG/gOqzGAMXZcEOiCrfoOsGeVzBowZ7+X+uUtE8Po5DdjZGIQ8tjwBYkNFG5LaxhpTqH44vSG5BDpUgr0EMHI2Ux1GYCafVenJx092iNPBdd27258Usb58lDn3kkq8U7cBAcRLwOy0F3 root@ubuntu-xenial
-----END SSH HOST KEY KEYS-----
[   25.247856] cloud-init[1710]: Cloud-init v. 19.4-33-gbb4131a2-0ubuntu1~16.04.1 running 'modules:final' at Fri, 19 Jun 2020 08:06:08 +0000. Up 24.97 seconds.
[   25.257094] cloud-init[1710]: ci-info: no authorized SSH keys fingerprints found for user ubuntu.
[   25.260075] cloud-init[1710]: Cloud-init v. 19.4-33-gbb4131a2-0ubuntu1~16.04.1 finished at Fri, 19 Jun 2020 08:06:08 +0000. Datasource DataSourceNoCloud [seed=/dev/sdb][dsmode=net].  Up 25.23 seconds
